<?xml version='1.0'?>
<ns2:test-suite xmlns:ns2='urn:model.allure.qatools.yandex.ru' start='1589994924268' stop='1589994954201'>
    <name>handling checkboxes</name>
    <title>handling checkboxes</title>
    <test-cases>
        <test-case start='1589994924268' status='passed' stop='1589994926294'>
            <name>check page url</name>
            <title>check page url</title>
            <labels>
                <label name='language' value='javascript'/>
                <label name='framework' value='wdio'/>
                <label name='thread' value='1-0'/>
            </labels>
            <parameters>
                <parameter kind='argument' name='browser' value='chrome-81.0.4044.138'/>
            </parameters>
            <steps/>
            <attachments/>
        </test-case>
        <test-case start='1589994926295' status='broken' stop='1589994937118'>
            <name>check checkbox page header</name>
            <title>check checkbox page header</title>
            <labels>
                <label name='language' value='javascript'/>
                <label name='framework' value='wdio'/>
                <label name='thread' value='1-0'/>
            </labels>
            <parameters>
                <parameter kind='argument' name='browser' value='chrome-81.0.4044.138'/>
            </parameters>
            <steps/>
            <attachments/>
            <failure>
                <message>element ("h") still not displayed after 10000ms</message>
                <stack-trace>Error: element ("h") still not displayed after 10000ms
                    at C:\DMH-E2E\node_modules\@wdio\runner\node_modules\webdriverio\build\commands\browser\waitUntil.js:34:15
                    at async Element.elementErrorHandlerCallbackFn (C:\DMH-E2E\node_modules\@wdio\runner\node_modules\webdriverio\build\middlewares.js:21:24)
                    at async Element.runCommandWithHooks (C:\DMH-E2E\node_modules\@wdio\sync\build\wrapCommand.js:88:21)
                    at Element.runCommandWithHooks (C:\DMH-E2E\node_modules\@wdio\sync\build\wrapCommand.js:82:22)
                    at Element.wrapCommandFn (C:\DMH-E2E\node_modules\@wdio\sync\build\wrapCommand.js:59:40)
                    at Element.elementErrorHandlerCallback (C:\DMH-E2E\node_modules\@wdio\runner\node_modules\webdriverio\build\middlewares.js:40:8)
                    at Element.waitForDisplayed (C:\DMH-E2E\node_modules\@wdio\runner\node_modules\webdriverio\build\commands\element\waitForDisplayed.js:14:15)
                    at Element.wrapCommandFn (C:\DMH-E2E\node_modules\@wdio\sync\build\wrapCommand.js:54:17)
                    at Element.elementErrorHandlerCallbackFn (C:\DMH-E2E\node_modules\@wdio\runner\node_modules\webdriverio\build\middlewares.js:21:57)
                    at processTicksAndRejections (internal/process/task_queues.js:94:5)
                    at Context.&lt;anonymous> (C:\DMH-E2E\test\checkbox.test.js:14:31)
                    at Context.executeSync (C:\DMH-E2E\node_modules\@wdio\sync\build\index.js:56:18)
                    at C:\DMH-E2E\node_modules\@wdio\sync\build\index.js:82:70</stack-trace>
            </failure>
        </test-case>
        <test-case start='1589994937123' status='broken' stop='1589994952934'>
            <name>should click checkbox</name>
            <title>should click checkbox</title>
            <labels>
                <label name='language' value='javascript'/>
                <label name='framework' value='wdio'/>
                <label name='thread' value='1-0'/>
            </labels>
            <parameters>
                <parameter kind='argument' name='browser' value='chrome-81.0.4044.138'/>
            </parameters>
            <steps/>
            <attachments/>
            <failure>
                <message>element ("h") still not displayed after 10000ms</message>
                <stack-trace>Error: element ("h") still not displayed after 10000ms
                    at C:\DMH-E2E\node_modules\@wdio\runner\node_modules\webdriverio\build\commands\browser\waitUntil.js:34:15
                    at async Element.elementErrorHandlerCallbackFn (C:\DMH-E2E\node_modules\@wdio\runner\node_modules\webdriverio\build\middlewares.js:21:24)
                    at async Element.runCommandWithHooks (C:\DMH-E2E\node_modules\@wdio\sync\build\wrapCommand.js:88:21)
                    at Element.runCommandWithHooks (C:\DMH-E2E\node_modules\@wdio\sync\build\wrapCommand.js:82:22)
                    at Element.wrapCommandFn (C:\DMH-E2E\node_modules\@wdio\sync\build\wrapCommand.js:59:40)
                    at Element.elementErrorHandlerCallback (C:\DMH-E2E\node_modules\@wdio\runner\node_modules\webdriverio\build\middlewares.js:40:8)
                    at Element.waitForDisplayed (C:\DMH-E2E\node_modules\@wdio\runner\node_modules\webdriverio\build\commands\element\waitForDisplayed.js:14:15)
                    at Element.wrapCommandFn (C:\DMH-E2E\node_modules\@wdio\sync\build\wrapCommand.js:54:17)
                    at Element.elementErrorHandlerCallbackFn (C:\DMH-E2E\node_modules\@wdio\runner\node_modules\webdriverio\build\middlewares.js:21:57)
                    at processTicksAndRejections (internal/process/task_queues.js:94:5)
                    at Context.&lt;anonymous> (C:\DMH-E2E\test\checkbox.test.js:24:31)
                    at Context.executeSync (C:\DMH-E2E\node_modules\@wdio\sync\build\index.js:56:18)
                    at C:\DMH-E2E\node_modules\@wdio\sync\build\index.js:82:70</stack-trace>
            </failure>
        </test-case>
        <test-case start='1589994952935' status='passed' stop='1589994954200'>
            <name>check checkbox page url</name>
            <title>check checkbox page url</title>
            <labels>
                <label name='language' value='javascript'/>
                <label name='framework' value='wdio'/>
                <label name='thread' value='1-0'/>
            </labels>
            <parameters>
                <parameter kind='argument' name='browser' value='chrome-81.0.4044.138'/>
            </parameters>
            <steps/>
            <attachments/>
        </test-case>
    </test-cases>
</ns2:test-suite>